
Copyright (C) 1994-2019 Synopsys, Inc.
This Synopsys software and all associated documentation are proprietary to Synopsys, Inc.
and may only be used pursuant to the terms and conditions of a written license agreement
with Synopsys, Inc. All other use, reproduction, modification, or distribution of the
Synopsys software or the associated documentation is strictly prohibited.
Tool: Synplify Pro (R)
Build: P-2019.03M-SP1-1
Install: C:\Microsemi\Libero_SoC_v12.4\SynplifyPro
OS: Windows 6.2

Hostname: PHOENIX136DESKY

Implementation : synthesis
Synopsys HDL compiler and linker, Version comp2019q2p1, Build 273R, Built Dec 16 2019 13:19:32

Modified Files: 26
FID:  path (prevtimestamp, timestamp)
0        C:\Microsemi\Libero_SoC_v12.4\SynplifyPro\lib\generic\smartfusion2.vhd (N/A, 2020-02-28 08:59:45)
1        C:\Microsemi\Libero_SoC_v12.4\SynplifyPro\lib\vhd2008\arith.vhd (N/A, 2020-02-28 08:59:46)
2        C:\Microsemi\Libero_SoC_v12.4\SynplifyPro\lib\vhd2008\location.map (N/A, 2020-02-28 08:59:46)
3        C:\Microsemi\Libero_SoC_v12.4\SynplifyPro\lib\vhd2008\misc.vhd (N/A, 2020-02-28 08:59:46)
4        C:\Microsemi\Libero_SoC_v12.4\SynplifyPro\lib\vhd2008\numeric.vhd (N/A, 2020-02-28 08:59:46)
5        C:\Microsemi\Libero_SoC_v12.4\SynplifyPro\lib\vhd2008\std.vhd (N/A, 2020-02-28 08:59:46)
6        C:\Microsemi\Libero_SoC_v12.4\SynplifyPro\lib\vhd2008\std1164.vhd (N/A, 2020-02-28 08:59:46)
7        C:\Microsemi\Libero_SoC_v12.4\SynplifyPro\lib\vhd2008\std_textio.vhd (N/A, 2020-02-28 08:59:46)
8        C:\Microsemi\Libero_SoC_v12.4\SynplifyPro\lib\vhd2008\unsigned.vhd (N/A, 2020-02-28 08:59:46)
9        C:\Microsemi\Libero_SoC_v12.4\SynplifyPro\lib\vhd\hyperents.vhd (N/A, 2020-02-28 08:59:46)
10       C:\Microsemi\Libero_SoC_v12.4\SynplifyPro\lib\vhd\snps_haps_pkg.vhd (N/A, 2020-02-28 08:59:46)
11       C:\Microsemi\Libero_SoC_v12.4\SynplifyPro\lib\vhd\umr_capim.vhd (N/A, 2020-02-28 08:59:46)
12       E:\Github_Repos\GMII_MAC_Filter_Sniffer\GMII_MAC_Filter_Sniffer_libero\component\Actel\DirectCore\COREFIFO\2.7.105\rtl\vhdl\core\fifo_pkg.vhd (N/A, 2020-04-29 17:43:56)
13       E:\Github_Repos\GMII_MAC_Filter_Sniffer\GMII_MAC_Filter_Sniffer_libero\component\work\COREFIFO_C0\COREFIFO_C0.vhd (N/A, 2020-06-05 01:13:49)
14       E:\Github_Repos\GMII_MAC_Filter_Sniffer\GMII_MAC_Filter_Sniffer_libero\component\work\COREFIFO_C0\COREFIFO_C0_0\rtl\vhdl\core\COREFIFO.vhd (N/A, 2020-06-05 01:13:49)
15       E:\Github_Repos\GMII_MAC_Filter_Sniffer\GMII_MAC_Filter_Sniffer_libero\component\work\COREFIFO_C0\COREFIFO_C0_0\rtl\vhdl\core\COREFIFO_C0_COREFIFO_C0_0_USRAM_top.vhd (N/A, 2020-06-05 01:13:49)
16       E:\Github_Repos\GMII_MAC_Filter_Sniffer\GMII_MAC_Filter_Sniffer_libero\component\work\COREFIFO_C0\COREFIFO_C0_0\rtl\vhdl\core\COREFIFO_C0_COREFIFO_C0_0_ram_wrapper.vhd (N/A, 2020-06-05 01:13:48)
17       E:\Github_Repos\GMII_MAC_Filter_Sniffer\GMII_MAC_Filter_Sniffer_libero\component\work\COREFIFO_C0\COREFIFO_C0_0\rtl\vhdl\core\corefifo_NstagesSync.vhd (N/A, 2020-06-05 01:13:49)
18       E:\Github_Repos\GMII_MAC_Filter_Sniffer\GMII_MAC_Filter_Sniffer_libero\component\work\COREFIFO_C0\COREFIFO_C0_0\rtl\vhdl\core\corefifo_async.vhd (N/A, 2020-06-05 01:13:49)
19       E:\Github_Repos\GMII_MAC_Filter_Sniffer\GMII_MAC_Filter_Sniffer_libero\component\work\COREFIFO_C0\COREFIFO_C0_0\rtl\vhdl\core\corefifo_fwft.vhd (N/A, 2020-06-05 01:13:49)
20       E:\Github_Repos\GMII_MAC_Filter_Sniffer\GMII_MAC_Filter_Sniffer_libero\component\work\COREFIFO_C0\COREFIFO_C0_0\rtl\vhdl\core\corefifo_grayToBinConv.vhd (N/A, 2020-06-05 01:13:49)
21       E:\Github_Repos\GMII_MAC_Filter_Sniffer\GMII_MAC_Filter_Sniffer_libero\component\work\COREFIFO_C0\COREFIFO_C0_0\rtl\vhdl\core\corefifo_resetSync.vhd (N/A, 2020-06-05 01:13:49)
22       E:\Github_Repos\GMII_MAC_Filter_Sniffer\GMII_MAC_Filter_Sniffer_libero\component\work\COREFIFO_C0\COREFIFO_C0_0\rtl\vhdl\core\corefifo_sync.vhd (N/A, 2020-06-05 01:13:49)
23       E:\Github_Repos\GMII_MAC_Filter_Sniffer\GMII_MAC_Filter_Sniffer_libero\component\work\COREFIFO_C0\COREFIFO_C0_0\rtl\vhdl\core\corefifo_sync_scntr.vhd (N/A, 2020-06-05 01:13:49)
24       E:\Github_Repos\GMII_MAC_Filter_Sniffer\GMII_MAC_Filter_Sniffer_libero\hdl\Ethernet_Package.vhd (N/A, 2020-06-05 01:22:02)
25       E:\Github_Repos\GMII_MAC_Filter_Sniffer\GMII_MAC_Filter_Sniffer_libero\hdl\GMII_MAC_Filter_Sniffer.vhd (N/A, 2020-06-09 01:34:47)

*******************************************************************
Modules that may have changed as a result of file changes: 12
MID:  lib.cell.view
0        corefifo_lib.corefifo_c0_corefifo_c0_0_corefifo.translated may have changed because the following files changed:
                        E:\Github_Repos\GMII_MAC_Filter_Sniffer\GMII_MAC_Filter_Sniffer_libero\component\work\COREFIFO_C0\COREFIFO_C0.vhd (N/A, 2020-06-05 01:13:49) <-- (may instantiate this module)
                        E:\Github_Repos\GMII_MAC_Filter_Sniffer\GMII_MAC_Filter_Sniffer_libero\component\work\COREFIFO_C0\COREFIFO_C0_0\rtl\vhdl\core\COREFIFO.vhd (N/A, 2020-06-05 01:13:49) <-- (architecture and entity definition)
                        E:\Github_Repos\GMII_MAC_Filter_Sniffer\GMII_MAC_Filter_Sniffer_libero\hdl\GMII_MAC_Filter_Sniffer.vhd (N/A, 2020-06-09 01:34:47) <-- (may instantiate this module)
2        corefifo_lib.corefifo_c0_corefifo_c0_0_corefifo_async.translated may have changed because the following files changed:
                        E:\Github_Repos\GMII_MAC_Filter_Sniffer\GMII_MAC_Filter_Sniffer_libero\component\work\COREFIFO_C0\COREFIFO_C0.vhd (N/A, 2020-06-05 01:13:49) <-- (may instantiate this module)
                        E:\Github_Repos\GMII_MAC_Filter_Sniffer\GMII_MAC_Filter_Sniffer_libero\component\work\COREFIFO_C0\COREFIFO_C0_0\rtl\vhdl\core\COREFIFO.vhd (N/A, 2020-06-05 01:13:49) <-- (may instantiate this module)
                        E:\Github_Repos\GMII_MAC_Filter_Sniffer\GMII_MAC_Filter_Sniffer_libero\component\work\COREFIFO_C0\COREFIFO_C0_0\rtl\vhdl\core\corefifo_async.vhd (N/A, 2020-06-05 01:13:49) <-- (architecture and entity definition)
                        E:\Github_Repos\GMII_MAC_Filter_Sniffer\GMII_MAC_Filter_Sniffer_libero\hdl\GMII_MAC_Filter_Sniffer.vhd (N/A, 2020-06-09 01:34:47) <-- (may instantiate this module)
4        corefifo_lib.corefifo_c0_corefifo_c0_0_corefifo_fwft.translated may have changed because the following files changed:
                        E:\Github_Repos\GMII_MAC_Filter_Sniffer\GMII_MAC_Filter_Sniffer_libero\component\work\COREFIFO_C0\COREFIFO_C0.vhd (N/A, 2020-06-05 01:13:49) <-- (may instantiate this module)
                        E:\Github_Repos\GMII_MAC_Filter_Sniffer\GMII_MAC_Filter_Sniffer_libero\component\work\COREFIFO_C0\COREFIFO_C0_0\rtl\vhdl\core\COREFIFO.vhd (N/A, 2020-06-05 01:13:49) <-- (may instantiate this module)
                        E:\Github_Repos\GMII_MAC_Filter_Sniffer\GMII_MAC_Filter_Sniffer_libero\component\work\COREFIFO_C0\COREFIFO_C0_0\rtl\vhdl\core\corefifo_fwft.vhd (N/A, 2020-06-05 01:13:49) <-- (architecture and entity definition)
                        E:\Github_Repos\GMII_MAC_Filter_Sniffer\GMII_MAC_Filter_Sniffer_libero\hdl\GMII_MAC_Filter_Sniffer.vhd (N/A, 2020-06-09 01:34:47) <-- (may instantiate this module)
6        corefifo_lib.corefifo_c0_corefifo_c0_0_corefifo_graytobinconv.translated may have changed because the following files changed:
                        E:\Github_Repos\GMII_MAC_Filter_Sniffer\GMII_MAC_Filter_Sniffer_libero\component\work\COREFIFO_C0\COREFIFO_C0.vhd (N/A, 2020-06-05 01:13:49) <-- (may instantiate this module)
                        E:\Github_Repos\GMII_MAC_Filter_Sniffer\GMII_MAC_Filter_Sniffer_libero\component\work\COREFIFO_C0\COREFIFO_C0_0\rtl\vhdl\core\COREFIFO.vhd (N/A, 2020-06-05 01:13:49) <-- (may instantiate this module)
                        E:\Github_Repos\GMII_MAC_Filter_Sniffer\GMII_MAC_Filter_Sniffer_libero\component\work\COREFIFO_C0\COREFIFO_C0_0\rtl\vhdl\core\corefifo_async.vhd (N/A, 2020-06-05 01:13:49) <-- (may instantiate this module)
                        E:\Github_Repos\GMII_MAC_Filter_Sniffer\GMII_MAC_Filter_Sniffer_libero\component\work\COREFIFO_C0\COREFIFO_C0_0\rtl\vhdl\core\corefifo_grayToBinConv.vhd (N/A, 2020-06-05 01:13:49) <-- (architecture and entity definition)
                        E:\Github_Repos\GMII_MAC_Filter_Sniffer\GMII_MAC_Filter_Sniffer_libero\hdl\GMII_MAC_Filter_Sniffer.vhd (N/A, 2020-06-09 01:34:47) <-- (may instantiate this module)
8        corefifo_lib.corefifo_c0_corefifo_c0_0_corefifo_nstagessync.translated may have changed because the following files changed:
                        E:\Github_Repos\GMII_MAC_Filter_Sniffer\GMII_MAC_Filter_Sniffer_libero\component\work\COREFIFO_C0\COREFIFO_C0.vhd (N/A, 2020-06-05 01:13:49) <-- (may instantiate this module)
                        E:\Github_Repos\GMII_MAC_Filter_Sniffer\GMII_MAC_Filter_Sniffer_libero\component\work\COREFIFO_C0\COREFIFO_C0_0\rtl\vhdl\core\COREFIFO.vhd (N/A, 2020-06-05 01:13:49) <-- (may instantiate this module)
                        E:\Github_Repos\GMII_MAC_Filter_Sniffer\GMII_MAC_Filter_Sniffer_libero\component\work\COREFIFO_C0\COREFIFO_C0_0\rtl\vhdl\core\corefifo_NstagesSync.vhd (N/A, 2020-06-05 01:13:49) <-- (architecture and entity definition)
                        E:\Github_Repos\GMII_MAC_Filter_Sniffer\GMII_MAC_Filter_Sniffer_libero\component\work\COREFIFO_C0\COREFIFO_C0_0\rtl\vhdl\core\corefifo_async.vhd (N/A, 2020-06-05 01:13:49) <-- (may instantiate this module)
                        E:\Github_Repos\GMII_MAC_Filter_Sniffer\GMII_MAC_Filter_Sniffer_libero\hdl\GMII_MAC_Filter_Sniffer.vhd (N/A, 2020-06-09 01:34:47) <-- (may instantiate this module)
10       corefifo_lib.corefifo_c0_corefifo_c0_0_corefifo_resetsync.translated may have changed because the following files changed:
                        E:\Github_Repos\GMII_MAC_Filter_Sniffer\GMII_MAC_Filter_Sniffer_libero\component\work\COREFIFO_C0\COREFIFO_C0.vhd (N/A, 2020-06-05 01:13:49) <-- (may instantiate this module)
                        E:\Github_Repos\GMII_MAC_Filter_Sniffer\GMII_MAC_Filter_Sniffer_libero\component\work\COREFIFO_C0\COREFIFO_C0_0\rtl\vhdl\core\COREFIFO.vhd (N/A, 2020-06-05 01:13:49) <-- (may instantiate this module)
                        E:\Github_Repos\GMII_MAC_Filter_Sniffer\GMII_MAC_Filter_Sniffer_libero\component\work\COREFIFO_C0\COREFIFO_C0_0\rtl\vhdl\core\corefifo_resetSync.vhd (N/A, 2020-06-05 01:13:49) <-- (architecture and entity definition)
                        E:\Github_Repos\GMII_MAC_Filter_Sniffer\GMII_MAC_Filter_Sniffer_libero\hdl\GMII_MAC_Filter_Sniffer.vhd (N/A, 2020-06-09 01:34:47) <-- (may instantiate this module)
12       corefifo_lib.corefifo_c0_corefifo_c0_0_corefifo_sync.translated may have changed because the following files changed:
                        E:\Github_Repos\GMII_MAC_Filter_Sniffer\GMII_MAC_Filter_Sniffer_libero\component\work\COREFIFO_C0\COREFIFO_C0.vhd (N/A, 2020-06-05 01:13:49) <-- (may instantiate this module)
                        E:\Github_Repos\GMII_MAC_Filter_Sniffer\GMII_MAC_Filter_Sniffer_libero\component\work\COREFIFO_C0\COREFIFO_C0_0\rtl\vhdl\core\COREFIFO.vhd (N/A, 2020-06-05 01:13:49) <-- (may instantiate this module)
                        E:\Github_Repos\GMII_MAC_Filter_Sniffer\GMII_MAC_Filter_Sniffer_libero\component\work\COREFIFO_C0\COREFIFO_C0_0\rtl\vhdl\core\corefifo_sync.vhd (N/A, 2020-06-05 01:13:49) <-- (architecture and entity definition)
                        E:\Github_Repos\GMII_MAC_Filter_Sniffer\GMII_MAC_Filter_Sniffer_libero\hdl\GMII_MAC_Filter_Sniffer.vhd (N/A, 2020-06-09 01:34:47) <-- (may instantiate this module)
14       corefifo_lib.corefifo_c0_corefifo_c0_0_corefifo_sync_scntr.translated may have changed because the following files changed:
                        E:\Github_Repos\GMII_MAC_Filter_Sniffer\GMII_MAC_Filter_Sniffer_libero\component\work\COREFIFO_C0\COREFIFO_C0.vhd (N/A, 2020-06-05 01:13:49) <-- (may instantiate this module)
                        E:\Github_Repos\GMII_MAC_Filter_Sniffer\GMII_MAC_Filter_Sniffer_libero\component\work\COREFIFO_C0\COREFIFO_C0_0\rtl\vhdl\core\COREFIFO.vhd (N/A, 2020-06-05 01:13:49) <-- (may instantiate this module)
                        E:\Github_Repos\GMII_MAC_Filter_Sniffer\GMII_MAC_Filter_Sniffer_libero\component\work\COREFIFO_C0\COREFIFO_C0_0\rtl\vhdl\core\corefifo_sync_scntr.vhd (N/A, 2020-06-05 01:13:49) <-- (architecture and entity definition)
                        E:\Github_Repos\GMII_MAC_Filter_Sniffer\GMII_MAC_Filter_Sniffer_libero\hdl\GMII_MAC_Filter_Sniffer.vhd (N/A, 2020-06-09 01:34:47) <-- (may instantiate this module)
16       corefifo_lib.corefifo_c0_corefifo_c0_0_ram_wrapper.generated may have changed because the following files changed:
                        E:\Github_Repos\GMII_MAC_Filter_Sniffer\GMII_MAC_Filter_Sniffer_libero\component\work\COREFIFO_C0\COREFIFO_C0.vhd (N/A, 2020-06-05 01:13:49) <-- (may instantiate this module)
                        E:\Github_Repos\GMII_MAC_Filter_Sniffer\GMII_MAC_Filter_Sniffer_libero\component\work\COREFIFO_C0\COREFIFO_C0_0\rtl\vhdl\core\COREFIFO.vhd (N/A, 2020-06-05 01:13:49) <-- (may instantiate this module)
                        E:\Github_Repos\GMII_MAC_Filter_Sniffer\GMII_MAC_Filter_Sniffer_libero\component\work\COREFIFO_C0\COREFIFO_C0_0\rtl\vhdl\core\COREFIFO_C0_COREFIFO_C0_0_ram_wrapper.vhd (N/A, 2020-06-05 01:13:48) <-- (architecture and entity definition)
                        E:\Github_Repos\GMII_MAC_Filter_Sniffer\GMII_MAC_Filter_Sniffer_libero\hdl\GMII_MAC_Filter_Sniffer.vhd (N/A, 2020-06-09 01:34:47) <-- (may instantiate this module)
18       corefifo_lib.corefifo_c0_corefifo_c0_0_usram_top.def_arch may have changed because the following files changed:
                        E:\Github_Repos\GMII_MAC_Filter_Sniffer\GMII_MAC_Filter_Sniffer_libero\component\work\COREFIFO_C0\COREFIFO_C0.vhd (N/A, 2020-06-05 01:13:49) <-- (may instantiate this module)
                        E:\Github_Repos\GMII_MAC_Filter_Sniffer\GMII_MAC_Filter_Sniffer_libero\component\work\COREFIFO_C0\COREFIFO_C0_0\rtl\vhdl\core\COREFIFO.vhd (N/A, 2020-06-05 01:13:49) <-- (may instantiate this module)
                        E:\Github_Repos\GMII_MAC_Filter_Sniffer\GMII_MAC_Filter_Sniffer_libero\component\work\COREFIFO_C0\COREFIFO_C0_0\rtl\vhdl\core\COREFIFO_C0_COREFIFO_C0_0_USRAM_top.vhd (N/A, 2020-06-05 01:13:49) <-- (architecture and entity definition)
                        E:\Github_Repos\GMII_MAC_Filter_Sniffer\GMII_MAC_Filter_Sniffer_libero\component\work\COREFIFO_C0\COREFIFO_C0_0\rtl\vhdl\core\COREFIFO_C0_COREFIFO_C0_0_ram_wrapper.vhd (N/A, 2020-06-05 01:13:48) <-- (may instantiate this module)
                        E:\Github_Repos\GMII_MAC_Filter_Sniffer\GMII_MAC_Filter_Sniffer_libero\hdl\GMII_MAC_Filter_Sniffer.vhd (N/A, 2020-06-09 01:34:47) <-- (may instantiate this module)
20       work.corefifo_c0.rtl may have changed because the following files changed:
                        E:\Github_Repos\GMII_MAC_Filter_Sniffer\GMII_MAC_Filter_Sniffer_libero\component\work\COREFIFO_C0\COREFIFO_C0.vhd (N/A, 2020-06-05 01:13:49) <-- (architecture and entity definition)
                        E:\Github_Repos\GMII_MAC_Filter_Sniffer\GMII_MAC_Filter_Sniffer_libero\hdl\GMII_MAC_Filter_Sniffer.vhd (N/A, 2020-06-09 01:34:47) <-- (may instantiate this module)
22       work.gmii_mac_filter_sniffer.architecture_gmii_mac_filter_sniffer may have changed because the following files changed:
                        E:\Github_Repos\GMII_MAC_Filter_Sniffer\GMII_MAC_Filter_Sniffer_libero\hdl\GMII_MAC_Filter_Sniffer.vhd (N/A, 2020-06-09 01:34:47) <-- (architecture and entity definition)

*******************************************************************
Unmodified files: 0
FID:  path (timestamp)

*******************************************************************
Unchanged modules: 0
MID:  lib.cell.view
