
Copyright (C) 1994-2019 Synopsys, Inc.
This Synopsys software and all associated documentation are proprietary to Synopsys, Inc.
and may only be used pursuant to the terms and conditions of a written license agreement
with Synopsys, Inc. All other use, reproduction, modification, or distribution of the
Synopsys software or the associated documentation is strictly prohibited.
Tool: Synplify Pro (R)
Build: P-2019.03M-SP1-1
Install: C:\Microsemi\Libero_SoC_v12.4\SynplifyPro
OS: Windows 6.2

Hostname: PHOENIX136DESKY

Implementation : synthesis

# Written on Tue Jun  9 01:41:45 2020

##### FILES SYNTAX CHECKED ##############################################
Constraint File(s):      "E:\Github_Repos\GMII_MAC_Filter_Sniffer\GMII_MAC_Filter_Sniffer_libero\designer\GMII_MAC_Filter_Sniffer\synthesis.fdc"

#Run constraint checker to find more issues with constraints.
#########################################################################



No issues found in constraint syntax.



Clock Summary
*************

          Start                             Requested     Requested     Clock        Clock                   Clock
Level     Clock                             Frequency     Period        Type         Group                   Load 
------------------------------------------------------------------------------------------------------------------
0 -       GMII_MAC_Filter_Sniffer|RXCLK     100.0 MHz     10.000        inferred     Inferred_clkgroup_1     259  
                                                                                                                  
0 -       GMII_MAC_Filter_Sniffer|PCLK      100.0 MHz     10.000        inferred     Inferred_clkgroup_0     192  
==================================================================================================================


Clock Load Summary
******************

                                  Clock     Source          Clock Pin                     Non-clock Pin     Non-clock Pin
Clock                             Load      Pin             Seq Example                   Seq Example       Comb Example 
-------------------------------------------------------------------------------------------------------------------------
GMII_MAC_Filter_Sniffer|RXCLK     259       RXCLK(port)     rxclk_set_off_rx_var[1].C     -                 -            
                                                                                                                         
GMII_MAC_Filter_Sniffer|PCLK      192       PCLK(port)      rxclk_is_off_rx_var[1].C      -                 -            
=========================================================================================================================
