
Starting:    C:\Microsemi\Libero_SoC_v12.4\SynplifyPro\bin64\mbin\synbatch.exe
Install:     C:\Microsemi\Libero_SoC_v12.4\SynplifyPro
Hostname:    PHOENIX136DESKY
Date:        Tue Jun  9 01:41:37 2020
Version:     P-2019.03M-SP1-1

Arguments:   -product synplify_pro -licensetype synplifypro_actel -batch -log synplify.log GMII_MAC_Filter_Sniffer_syn.tcl
ProductType: synplify_pro

License checkout: synplifypro_actel
License: synplifypro_actel node-locked 
Licensed Vendor: actel
License Option: actel_oem

Running in Vendor Mode

"automatic_compile_point" is unrecognized option for current device
Implementation not found: synthesis
log file: "E:\Github_Repos\GMII_MAC_Filter_Sniffer\GMII_MAC_Filter_Sniffer_libero\synthesis\GMII_MAC_Filter_Sniffer.srr"
Running: synthesis in foreground

Running GMII_MAC_Filter_Sniffer_syn|synthesis

Running Flow: compile (Compile) on GMII_MAC_Filter_Sniffer_syn|synthesis
# Tue Jun  9 01:41:38 2020

Running Flow: compile_flow (Compile Process) on GMII_MAC_Filter_Sniffer_syn|synthesis
# Tue Jun  9 01:41:38 2020

Running: compiler (Compile Input) on GMII_MAC_Filter_Sniffer_syn|synthesis
# Tue Jun  9 01:41:38 2020
Copied E:\Github_Repos\GMII_MAC_Filter_Sniffer\GMII_MAC_Filter_Sniffer_libero\synthesis\synwork\GMII_MAC_Filter_Sniffer_comp.srs to E:\Github_Repos\GMII_MAC_Filter_Sniffer\GMII_MAC_Filter_Sniffer_libero\synthesis\GMII_MAC_Filter_Sniffer.srs

compiler completed
# Tue Jun  9 01:41:44 2020

Return Code: 0
Run Time:00h:00m:06s

Running: multi_srs_gen (Multi-srs Generator) on GMII_MAC_Filter_Sniffer_syn|synthesis
# Tue Jun  9 01:41:44 2020

multi_srs_gen completed
# Tue Jun  9 01:41:45 2020

Return Code: 0
Run Time:00h:00m:01s
Copied E:\Github_Repos\GMII_MAC_Filter_Sniffer\GMII_MAC_Filter_Sniffer_libero\synthesis\synwork\GMII_MAC_Filter_Sniffer_mult.srs to E:\Github_Repos\GMII_MAC_Filter_Sniffer\GMII_MAC_Filter_Sniffer_libero\synthesis\GMII_MAC_Filter_Sniffer.srs
Complete: Compile Process on GMII_MAC_Filter_Sniffer_syn|synthesis

Running: premap (Premap) on GMII_MAC_Filter_Sniffer_syn|synthesis
# Tue Jun  9 01:41:45 2020

premap completed with warnings
# Tue Jun  9 01:41:47 2020

Return Code: 1
Run Time:00h:00m:02s
Complete: Compile on GMII_MAC_Filter_Sniffer_syn|synthesis

Running Flow: map (Map) on GMII_MAC_Filter_Sniffer_syn|synthesis
# Tue Jun  9 01:41:47 2020
License granted for 4 parallel jobs

Running: fpga_mapper (Map & Optimize) on GMII_MAC_Filter_Sniffer_syn|synthesis
# Tue Jun  9 01:41:47 2020
Copied E:\Github_Repos\GMII_MAC_Filter_Sniffer\GMII_MAC_Filter_Sniffer_libero\synthesis\synwork\GMII_MAC_Filter_Sniffer_m.srm to E:\Github_Repos\GMII_MAC_Filter_Sniffer\GMII_MAC_Filter_Sniffer_libero\synthesis\GMII_MAC_Filter_Sniffer.srm

fpga_mapper completed with warnings
# Tue Jun  9 01:41:58 2020

Return Code: 1
Run Time:00h:00m:11s
Complete: Map on GMII_MAC_Filter_Sniffer_syn|synthesis
Complete: Logic Synthesis on GMII_MAC_Filter_Sniffer_syn|synthesis
Copied E:\Github_Repos\GMII_MAC_Filter_Sniffer\GMII_MAC_Filter_Sniffer_libero\synthesis\GMII_MAC_Filter_Sniffer.srr to E:\Github_Repos\GMII_MAC_Filter_Sniffer\GMII_MAC_Filter_Sniffer_libero\synthesis\backup\GMII_MAC_Filter_Sniffer.srr
TCL script complete: "GMII_MAC_Filter_Sniffer_syn.tcl"
exit status=0
exit status=0
License checkin: synplifypro_actel
