Resource Report
Microsemi Corporation - Microsemi Libero Software Release v12.4 (Version 12.900.0.16)
Date: Tue Jun  9 01:42:03 2020

Device Selection
+--------------------------------+----------------+
| Family                         | SmartFusion2   |
| Device                         | M2S010         |
| Package                        | 144 TQ         |
| Speed Grade                    | STD            |
| Temp                           | 0:25:85        |
| Voltage                        | 1.26:1.20:1.14 |
| Core Voltage                   | 1.2V           |
| Ramp Rate                      | 100ms Minimum  |
| System Controller Suspend Mode | No             |
| PLL Supply Voltage             | 2.5V           |
| Default I/O technology         | LVCMOS 2.5V    |
| Restrict Probe Pins            | No             |
| Restrict SPI Pins              | No             |
+--------------------------------+----------------+

Source Files
+---------+-------------------------------------------------------------------------------------------------------------+
| Topcell | GMII_MAC_Filter_Sniffer                                                                                     |
| Format  | Verilog                                                                                                     |
| Source  | E:\Github_Repos\GMII_MAC_Filter_Sniffer\GMII_MAC_Filter_Sniffer_libero\synthesis\GMII_MAC_Filter_Sniffer.vm |
+---------+-------------------------------------------------------------------------------------------------------------+

Options
+----------------------------------------------------+-------+
| Enable Single Event Transient mitigation           | false |
| Enable Design Separation Methodology               | false |
| Limit the number of high fanout nets to display to | 10    |
+----------------------------------------------------+-------+

Resource Usage
+---------------------------+------+-------+------------+
| Type                      | Used | Total | Percentage |
+---------------------------+------+-------+------------+
| 4LUT                      | 470  | 12084 | 3.89       |
| DFF                       | 474  | 12084 | 3.92       |
| I/O Register              | 0    | 252   | 0.00       |
| User I/O                  | 0    | 84    | 0.00       |
| -- Single-ended I/O       | 0    | 84    | 0.00       |
| -- Differential I/O Pairs | 0    | 37    | 0.00       |
| RAM64x18                  | 1    | 22    | 4.55       |
| RAM1K18                   | 0    | 21    | 0.00       |
| MACC                      | 0    | 22    | 0.00       |
| Chip Globals              | 5    | 8     | 62.50      |
| CCC                       | 0    | 2     | 0.00       |
| RCOSC_25_50MHZ            | 0    | 1     | 0.00       |
| RCOSC_1MHZ                | 0    | 1     | 0.00       |
| XTLOSC                    | 0    | 1     | 0.00       |
| MSS                       | 0    | 1     | 0.00       |
+---------------------------+------+-------+------------+

Detailed Logic Resource Usage
+--------------------------+------+-----+
| Type                     | 4LUT | DFF |
+--------------------------+------+-----+
| Fabric Logic             | 434  | 438 |
| RAM64x18 Interface Logic | 36   | 36  |
| RAM1K18 Interface Logic  | 0    | 0   |
| MACC Interface Logic     | 0    | 0   |
| Total Used               | 470  | 474 |
+--------------------------+------+-----+

Detailed Carry Chains Resource Usage
+--------+------+
| Length | Used |
| 6      | 1    |
| 7      | 3    |
| 8      | 2    |
| 9      | 1    |
| 10     | 1    |
| 11     | 1    |
| 17     | 2    |
| 25     | 1    |
| Total  | 12   |
+--------+------+

I/O Function
+-------------------------------+--------------+-------------+-----------------+
| Type                          | w/o register | w/ register | w/ DDR register |
+-------------------------------+--------------+-------------+-----------------+
| Input I/O                     | 0            | 0           | 0               |
| Output I/O                    | 0            | 0           | 0               |
| Bidirectional I/O             | 0            | 0           | 0               |
| Differential Input I/O Pairs  | 0            | 0           | 0               |
| Differential Output I/O Pairs | 0            | 0           | 0               |
+-------------------------------+--------------+-------------+-----------------+

I/O Technology
+--------------+------+------+-------+--------+---------------+
| I/O Standard | Vddi | Vref | Input | Output | Bidirectional |
+--------------+------+------+-------+--------+---------------+
+--------------+------+------+-------+--------+---------------+

Nets assigned to chip global resources
+--------+---------+------------------------------------------------------------------------------------------+
| Fanout | Type    | Name                                                                                     |
+--------+---------+------------------------------------------------------------------------------------------+
| 319    | INT_NET | Net   : RSTn_arst                                                                        |
|        |         | Driver: RSTn_RNI7ROC/U0_RGB1                                                             |
|        |         | Source: NETLIST                                                                          |
| 257    | INT_NET | Net   : NN_1                                                                             |
|        |         | Driver: RXCLK_RNI4EGA/U0_RGB1                                                            |
|        |         | Source: NETLIST                                                                          |
| 184    | INT_NET | Net   : NN_2                                                                             |
|        |         | Driver: PCLK_RNIAB1A/U0_RGB1                                                             |
|        |         | Source: NETLIST                                                                          |
| 61     | INT_NET | Net   : COREFIFO_C0_0/COREFIFO_C0_0/shift_reg_RNIO7F9[1]                                 |
|        |         | Driver: COREFIFO_C0_0/COREFIFO_C0_0/R1.r_corefifo_resetSync/shift_reg_RNIO7F9[1]/U0_RGB1 |
|        |         | Source: NETLIST                                                                          |
| 44     | INT_NET | Net   : COREFIFO_C0_0/COREFIFO_C0_0/shift_reg_RNIT747[1]                                 |
|        |         | Driver: COREFIFO_C0_0/COREFIFO_C0_0/R1.w_corefifo_resetSync/shift_reg_RNIT747[1]/U0_RGB1 |
|        |         | Source: NETLIST                                                                          |
+--------+---------+------------------------------------------------------------------------------------------+

Nets assigned to row global resources
+--------+------+------+
| Fanout | Type | Name |
+--------+------+------+
+--------+------+------+

High fanout nets
+--------+---------+------------------------------------------------------------------+
| Fanout | Type    | Name                                                             |
+--------+---------+------------------------------------------------------------------+
| 166    | INT_NET | Net   : RXCLK_state_Z[4]                                         |
|        |         | Driver: RXCLK_state[4]                                           |
| 32     | INT_NET | Net   : p_APB_reg_mac0_write.un23_psel_Z                         |
|        |         | Driver: p_APB_reg_mac0_write.un23_psel                           |
| 32     | INT_NET | Net   : p_APB_reg_ip_addr_write.un41_psel_Z                      |
|        |         | Driver: p_APB_reg_ip_addr_write.un41_psel                        |
| 22     | INT_NET | Net   : COREFIFO_C0_0/COREFIFO_C0_0/FIFO_C0_EMPTY                |
|        |         | Driver: COREFIFO_C0_0/COREFIFO_C0_0/L31.U_corefifo_async/empty_r |
| 21     | INT_NET | Net   : FIFO_C0_DVLD                                             |
|        |         | Driver: COREFIFO_C0_0/COREFIFO_C0_0/RE_d1                        |
| 18     | INT_NET | Net   : byte_counter_Z[1]                                        |
|        |         | Driver: byte_counter[1]                                          |
| 18     | INT_NET | Net   : RXCLK_state_Z[3]                                         |
|        |         | Driver: RXCLK_state[3]                                           |
| 17     | INT_NET | Net   : byte_counter_Z[3]                                        |
|        |         | Driver: byte_counter[3]                                          |
| 17     | INT_NET | Net   : byte_counter_Z[2]                                        |
|        |         | Driver: byte_counter[2]                                          |
| 16     | INT_NET | Net   : p_APB_reg_mac1_write.un32_psel_Z                         |
|        |         | Driver: p_APB_reg_mac1_write.un32_psel                           |
+--------+---------+------------------------------------------------------------------+

High fanout nets (through buffer trees)
+--------+---------+------------------------------------------------------------------+
| Fanout | Type    | Name                                                             |
+--------+---------+------------------------------------------------------------------+
| 166    | INT_NET | Net   : RXCLK_state_Z[4]                                         |
|        |         | Driver: RXCLK_state[4]                                           |
| 32     | INT_NET | Net   : p_APB_reg_mac0_write.un23_psel_Z                         |
|        |         | Driver: p_APB_reg_mac0_write.un23_psel                           |
| 32     | INT_NET | Net   : p_APB_reg_ip_addr_write.un41_psel_Z                      |
|        |         | Driver: p_APB_reg_ip_addr_write.un41_psel                        |
| 22     | INT_NET | Net   : COREFIFO_C0_0/COREFIFO_C0_0/FIFO_C0_EMPTY                |
|        |         | Driver: COREFIFO_C0_0/COREFIFO_C0_0/L31.U_corefifo_async/empty_r |
| 21     | INT_NET | Net   : FIFO_C0_DVLD                                             |
|        |         | Driver: COREFIFO_C0_0/COREFIFO_C0_0/RE_d1                        |
| 18     | INT_NET | Net   : byte_counter_Z[1]                                        |
|        |         | Driver: byte_counter[1]                                          |
| 18     | INT_NET | Net   : RXCLK_state_Z[3]                                         |
|        |         | Driver: RXCLK_state[3]                                           |
| 17     | INT_NET | Net   : byte_counter_Z[3]                                        |
|        |         | Driver: byte_counter[3]                                          |
| 17     | INT_NET | Net   : byte_counter_Z[2]                                        |
|        |         | Driver: byte_counter[2]                                          |
| 16     | INT_NET | Net   : p_APB_reg_mac1_write.un32_psel_Z                         |
|        |         | Driver: p_APB_reg_mac1_write.un32_psel                           |
+--------+---------+------------------------------------------------------------------+

